<?xml version="1.0" encoding="UTF-8"?>
<testsuite name="com.bridgelab.parking.ParkingLotTest" tests="1" skipped="0" failures="0" errors="0" timestamp="2020-04-12T21:19:30" hostname="DESKTOP-PIERT2Q" time="0.057">
  <properties/>
  <testcase name="givenParkingLots_WhenFindParkedVehicles_ShouldReturnVehiclesDetails" classname="com.bridgelab.parking.ParkingLotTest" time="0.057"/>
  <system-out><![CDATA[]]></system-out>
  <system-err><![CDATA[]]></system-err>
</testsuite>
