<?xml version="1.0" encoding="UTF-8"?>
<testsuite name="com.bridgelab.parking.ParkingLotTest" tests="16" skipped="0" failures="0" errors="0" timestamp="2020-03-31T05:14:49" hostname="DESKTOP-PIERT2Q" time="0.264">
  <properties/>
  <testcase name="givenVehicle_WhenUnParked_ShouldReturnTrue" classname="com.bridgelab.parking.ParkingLotTest" time="0.01"/>
  <testcase name="givenParkingLotOnEmptySlot_ShouldReturnTrue" classname="com.bridgelab.parking.ParkingLotTest" time="0.0"/>
  <testcase name="givenVehicle_WhenPresent_ShouldReturnVehicleSlot" classname="com.bridgelab.parking.ParkingLotTest" time="0.002"/>
  <testcase name="givenWhenLotSpaceAgain_ShouldInformTheOwner" classname="com.bridgelab.parking.ParkingLotTest" time="0.001"/>
  <testcase name="givenVehicle_WhenParked_ShouldReturnTrue" classname="com.bridgelab.parking.ParkingLotTest" time="0.0"/>
  <testcase name="givenVehicle_WhenParkWithTime_ShouldReturnParkingTime" classname="com.bridgelab.parking.ParkingLotTest" time="0.239"/>
  <testcase name="givenCapacityIs2_ShouldAbleToPark2Vechile" classname="com.bridgelab.parking.ParkingLotTest" time="0.0"/>
  <testcase name="givenVehicle_WhenNotPresent_ShouldReturnException" classname="com.bridgelab.parking.ParkingLotTest" time="0.0"/>
  <testcase name="givenWhenLotIsFull_ShouldInformTheSecurity" classname="com.bridgelab.parking.ParkingLotTest" time="0.001"/>
  <testcase name="givenVechical_WhenAlReadyParked_ShouldReturnFalse" classname="com.bridgelab.parking.ParkingLotTest" time="0.0"/>
  <testcase name="givenWhenParkingLotIsFull_ShouldInformTheOwner" classname="com.bridgelab.parking.ParkingLotTest" time="0.0"/>
  <testcase name="givenVehicle_WhenParkWithoutTime_ShouldReturnException" classname="com.bridgelab.parking.ParkingLotTest" time="0.0"/>
  <testcase name="givenParkingLot_WhenParkWithProvidedSlot_ShouldReturnTrue" classname="com.bridgelab.parking.ParkingLotTest" time="0.0"/>
  <testcase name="givenParkingLot_ShouldReturnAvailableSlots" classname="com.bridgelab.parking.ParkingLotTest" time="0.002"/>
  <testcase name="givenInitializeParkingLot_ShouldReturnParkingCapacity" classname="com.bridgelab.parking.ParkingLotTest" time="0.001"/>
  <testcase name="givenParkAndUnParkVehicles_ShouldReturnEmptySlots" classname="com.bridgelab.parking.ParkingLotTest" time="0.001"/>
  <system-out><![CDATA[]]></system-out>
  <system-err><![CDATA[]]></system-err>
</testsuite>
