<?xml version="1.0" encoding="UTF-8"?>
<testsuite name="com.bridgelab.parking.ParkingLotTest" tests="1" skipped="0" failures="0" errors="0" timestamp="2020-03-21T01:15:12" hostname="DESKTOP-PIERT2Q" time="0.006">
  <properties/>
  <testcase name="givenVehicle_WhenParked_ShouldReturnTrue" classname="com.bridgelab.parking.ParkingLotTest" time="0.006"/>
  <system-out><![CDATA[WELCOME TO PARKING LOT PROBLEM
]]></system-out>
  <system-err><![CDATA[]]></system-err>
</testsuite>
