<?xml version="1.0" encoding="UTF-8"?>
<testsuite name="com.bridgelab.parking.ParkingLotTest" tests="2" skipped="0" failures="0" errors="0" timestamp="2020-03-21T02:27:45" hostname="DESKTOP-PIERT2Q" time="0.01">
  <properties/>
  <testcase name="givenVehicle_WhenUnParked_ShouldReturnTrue" classname="com.bridgelab.parking.ParkingLotTest" time="0.003"/>
  <testcase name="givenVehicle_WhenParked_ShouldReturnTrue" classname="com.bridgelab.parking.ParkingLotTest" time="0.005"/>
  <system-out><![CDATA[WELCOME TO PARKING LOT PROBLEM
]]></system-out>
  <system-err><![CDATA[]]></system-err>
</testsuite>
