<?xml version="1.0" encoding="UTF-8"?>
<testsuite name="com.bridgelab.parking.ParkingLotTest" tests="1" skipped="0" failures="0" errors="0" timestamp="2020-03-24T02:55:21" hostname="DESKTOP-PIERT2Q" time="0.003">
  <properties/>
  <testcase name="givenWhenLotSpaceAgain_ShouldInformTheOwner" classname="com.bridgelab.parking.ParkingLotTest" time="0.003"/>
  <system-out><![CDATA[]]></system-out>
  <system-err><![CDATA[]]></system-err>
</testsuite>
