<?xml version="1.0" encoding="UTF-8"?>
<testsuite name="com.bridgelab.parking.ParkingLotTest" tests="1" skipped="0" failures="0" errors="0" timestamp="2020-04-08T11:47:08" hostname="DESKTOP-PIERT2Q" time="0.128">
  <properties/>
  <testcase name="givenCapacityIs2_ShouldAbleToPark2Vehicle" classname="com.bridgelab.parking.ParkingLotTest" time="0.128"/>
  <system-out><![CDATA[]]></system-out>
  <system-err><![CDATA[]]></system-err>
</testsuite>
